  main.cpp
E:\Assembler\Project2\Project2\main.cpp(44,5): error C4235: nonstandard extension used: '__asm' keyword not supported on this architecture
E:\Assembler\Project2\Project2\main.cpp(45,9): error C2065: 'finit': undeclared identifier
E:\Assembler\Project2\Project2\main.cpp(47,9): error C2146: syntax error: missing ';' before identifier 'fldpi'
E:\Assembler\Project2\Project2\main.cpp(47,9): error C2065: 'fldpi': undeclared identifier
E:\Assembler\Project2\Project2\main.cpp(49,9): error C2146: syntax error: missing ';' before identifier 'fadd'
E:\Assembler\Project2\Project2\main.cpp(49,9): error C2065: 'fadd': undeclared identifier
E:\Assembler\Project2\Project2\main.cpp(49,14): error C2146: syntax error: missing ';' before identifier 'st'
E:\Assembler\Project2\Project2\main.cpp(49,14): error C3861: 'st': identifier not found
E:\Assembler\Project2\Project2\main.cpp(49,21): error C3861: 'st': identifier not found
E:\Assembler\Project2\Project2\main.cpp(50,9): error C2146: syntax error: missing ';' before identifier 'fld'
E:\Assembler\Project2\Project2\main.cpp(50,9): error C2065: 'fld': undeclared identifier
E:\Assembler\Project2\Project2\main.cpp(50,13): error C2146: syntax error: missing ';' before identifier 'qword'
E:\Assembler\Project2\Project2\main.cpp(50,13): error C2065: 'qword': undeclared identifier
E:\Assembler\Project2\Project2\main.cpp(50,19): error C2146: syntax error: missing ';' before identifier 'ptr'
E:\Assembler\Project2\Project2\main.cpp(50,19): error C2065: 'ptr': undeclared identifier
E:\Assembler\Project2\Project2\main.cpp(50,23): error C2146: syntax error: missing ';' before identifier 'x'
E:\Assembler\Project2\Project2\main.cpp(52,9): error C2146: syntax error: missing ';' before identifier 'fdiv'
E:\Assembler\Project2\Project2\main.cpp(52,9): error C2065: 'fdiv': undeclared identifier
E:\Assembler\Project2\Project2\main.cpp(52,14): error C2146: syntax error: missing ';' before identifier 'st'
E:\Assembler\Project2\Project2\main.cpp(52,14): error C3861: 'st': identifier not found
E:\Assembler\Project2\Project2\main.cpp(52,21): error C3861: 'st': identifier not found
E:\Assembler\Project2\Project2\main.cpp(54,9): error C2146: syntax error: missing ';' before identifier 'fstcw'
E:\Assembler\Project2\Project2\main.cpp(54,9): error C2065: 'fstcw': undeclared identifier
E:\Assembler\Project2\Project2\main.cpp(54,15): error C2146: syntax error: missing ';' before identifier 'word'
E:\Assembler\Project2\Project2\main.cpp(54,15): error C2065: 'word': undeclared identifier
E:\Assembler\Project2\Project2\main.cpp(54,20): error C2146: syntax error: missing ';' before identifier 'ptr'
E:\Assembler\Project2\Project2\main.cpp(54,20): error C2065: 'ptr': undeclared identifier
E:\Assembler\Project2\Project2\main.cpp(54,24): error C2146: syntax error: missing ';' before identifier 'buf'
E:\Assembler\Project2\Project2\main.cpp(55,9): error C2146: syntax error: missing ';' before identifier 'mov'
E:\Assembler\Project2\Project2\main.cpp(55,9): error C2065: 'mov': undeclared identifier
E:\Assembler\Project2\Project2\main.cpp(55,14): error C2146: syntax error: missing ';' before identifier 'bx'
E:\Assembler\Project2\Project2\main.cpp(55,14): error C2065: 'bx': undeclared identifier
E:\Assembler\Project2\Project2\main.cpp(55,18): error C2065: 'word': undeclared identifier
E:\Assembler\Project2\Project2\main.cpp(55,23): error C2146: syntax error: missing ';' before identifier 'ptr'
E:\Assembler\Project2\Project2\main.cpp(55,23): error C2065: 'ptr': undeclared identifier
E:\Assembler\Project2\Project2\main.cpp(55,27): error C2146: syntax error: missing ';' before identifier 'buf'
E:\Assembler\Project2\Project2\main.cpp(56,12): error C2065: 'word': undeclared identifier
E:\Assembler\Project2\Project2\main.cpp(56,17): error C2146: syntax error: missing ';' before identifier 'ptr'
E:\Assembler\Project2\Project2\main.cpp(56,17): error C2065: 'ptr': undeclared identifier
E:\Assembler\Project2\Project2\main.cpp(56,21): error C2146: syntax error: missing ';' before identifier 'buf'
E:\Assembler\Project2\Project2\main.cpp(57,9): error C2146: syntax error: missing ';' before identifier 'fldcw'
E:\Assembler\Project2\Project2\main.cpp(57,9): error C2065: 'fldcw': undeclared identifier
E:\Assembler\Project2\Project2\main.cpp(57,15): error C2146: syntax error: missing ';' before identifier 'word'
E:\Assembler\Project2\Project2\main.cpp(57,15): error C2065: 'word': undeclared identifier
E:\Assembler\Project2\Project2\main.cpp(57,20): error C2146: syntax error: missing ';' before identifier 'ptr'
E:\Assembler\Project2\Project2\main.cpp(57,20): error C2065: 'ptr': undeclared identifier
E:\Assembler\Project2\Project2\main.cpp(57,24): error C2146: syntax error: missing ';' before identifier 'buf'
E:\Assembler\Project2\Project2\main.cpp(59,9): error C2146: syntax error: missing ';' before identifier 'frndint'
E:\Assembler\Project2\Project2\main.cpp(59,9): error C2065: 'frndint': undeclared identifier
E:\Assembler\Project2\Project2\main.cpp(61,9): error C2146: syntax error: missing ';' before identifier 'fmul'
E:\Assembler\Project2\Project2\main.cpp(61,9): error C2065: 'fmul': undeclared identifier
E:\Assembler\Project2\Project2\main.cpp(61,14): error C2146: syntax error: missing ';' before identifier 'st'
E:\Assembler\Project2\Project2\main.cpp(61,14): error C3861: 'st': identifier not found
E:\Assembler\Project2\Project2\main.cpp(61,21): error C3861: 'st': identifier not found
E:\Assembler\Project2\Project2\main.cpp(62,9): error C2146: syntax error: missing ';' before identifier 'fld'
E:\Assembler\Project2\Project2\main.cpp(62,9): error C2065: 'fld': undeclared identifier
E:\Assembler\Project2\Project2\main.cpp(62,13): error C2146: syntax error: missing ';' before identifier 'qword'
E:\Assembler\Project2\Project2\main.cpp(62,13): error C2065: 'qword': undeclared identifier
E:\Assembler\Project2\Project2\main.cpp(62,19): error C2146: syntax error: missing ';' before identifier 'ptr'
E:\Assembler\Project2\Project2\main.cpp(62,19): error C2065: 'ptr': undeclared identifier
E:\Assembler\Project2\Project2\main.cpp(62,23): error C2146: syntax error: missing ';' before identifier 'x'
E:\Assembler\Project2\Project2\main.cpp(63,9): error C2146: syntax error: missing ';' before identifier 'fsub'
E:\Assembler\Project2\Project2\main.cpp(63,9): error C2065: 'fsub': undeclared identifier
E:\Assembler\Project2\Project2\main.cpp(63,14): error C2146: syntax error: missing ';' before identifier 'st'
E:\Assembler\Project2\Project2\main.cpp(63,14): error C3861: 'st': identifier not found
E:\Assembler\Project2\Project2\main.cpp(63,21): error C3861: 'st': identifier not found
E:\Assembler\Project2\Project2\main.cpp(64,9): error C2146: syntax error: missing ';' before identifier 'fxch'
E:\Assembler\Project2\Project2\main.cpp(64,9): error C2065: 'fxch': undeclared identifier
E:\Assembler\Project2\Project2\main.cpp(64,14): error C2146: syntax error: missing ';' before identifier 'st'
E:\Assembler\Project2\Project2\main.cpp(64,14): error C3861: 'st': identifier not found
E:\Assembler\Project2\Project2\main.cpp(66,9): error C2146: syntax error: missing ';' before identifier 'fstp'
E:\Assembler\Project2\Project2\main.cpp(66,9): error C2065: 'fstp': undeclared identifier
E:\Assembler\Project2\Project2\main.cpp(66,14): error C2146: syntax error: missing ';' before identifier 'st'
E:\Assembler\Project2\Project2\main.cpp(66,14): error C3861: 'st': identifier not found
E:\Assembler\Project2\Project2\main.cpp(67,9): error C2146: syntax error: missing ';' before identifier 'fstp'
E:\Assembler\Project2\Project2\main.cpp(67,9): error C2065: 'fstp': undeclared identifier
E:\Assembler\Project2\Project2\main.cpp(67,14): error C2146: syntax error: missing ';' before identifier 'st'
E:\Assembler\Project2\Project2\main.cpp(67,14): error C3861: 'st': identifier not found
E:\Assembler\Project2\Project2\main.cpp(69,9): error C2146: syntax error: missing ';' before identifier 'fmul'
E:\Assembler\Project2\Project2\main.cpp(69,9): error C2065: 'fmul': undeclared identifier
E:\Assembler\Project2\Project2\main.cpp(69,14): error C2146: syntax error: missing ';' before identifier 'st'
E:\Assembler\Project2\Project2\main.cpp(69,14): error C3861: 'st': identifier not found
E:\Assembler\Project2\Project2\main.cpp(69,21): error C3861: 'st': identifier not found
E:\Assembler\Project2\Project2\main.cpp(70,9): error C2146: syntax error: missing ';' before identifier 'fld'
E:\Assembler\Project2\Project2\main.cpp(70,9): error C2065: 'fld': undeclared identifier
E:\Assembler\Project2\Project2\main.cpp(70,13): error C2146: syntax error: missing ';' before identifier 'qword'
E:\Assembler\Project2\Project2\main.cpp(70,13): error C2065: 'qword': undeclared identifier
E:\Assembler\Project2\Project2\main.cpp(70,19): error C2146: syntax error: missing ';' before identifier 'ptr'
E:\Assembler\Project2\Project2\main.cpp(70,19): error C2065: 'ptr': undeclared identifier
E:\Assembler\Project2\Project2\main.cpp(70,23): error C2146: syntax error: missing ';' before identifier 'epsilon'
E:\Assembler\Project2\Project2\main.cpp(71,9): error C2146: syntax error: missing ';' before identifier 'fxch'
E:\Assembler\Project2\Project2\main.cpp(71,9): error C2065: 'fxch': undeclared identifier
E:\Assembler\Project2\Project2\main.cpp(71,14): error C2146: syntax error: missing ';' before identifier 'st'
E:\Assembler\Project2\Project2\main.cpp(71,14): error C3861: 'st': identifier not found
E:\Assembler\Project2\Project2\main.cpp(72,9): error C2146: syntax error: missing ';' before identifier 'fldz'
E:\Assembler\Project2\Project2\main.cpp(72,9): error C2065: 'fldz': undeclared identifier
E:\Assembler\Project2\Project2\main.cpp(74,9): error C2146: syntax error: missing ';' before identifier 'fld1'
E:\Assembler\Project2\Project2\main.cpp(74,9): error C2065: 'fld1': undeclared identifier
E:\Assembler\Project2\Project2\main.cpp(75,9): error C2146: syntax error: missing ';' before identifier 'fld1'
E:\Assembler\Project2\Project2\main.cpp(75,9): error C2065: 'fld1': undeclared identifier
E:\Assembler\Project2\Project2\main.cpp(77,9): error C2146: syntax error: missing ';' before identifier 'COS_COUNTER'
E:\Assembler\Project2\Project2\main.cpp(78,9): error C2065: 'fchs': undeclared identifier
E:\Assembler\Project2\Project2\main.cpp(79,18): fatal  error C1003: error count exceeds 100; stopping compilation
